<?xml version="1.0" encoding="UTF-8"?>
<!-- Generated by org.testng.reporters.JUnitXMLReporter -->
<testsuite hostname="Naved" ignored="0" name="Default test" tests="5" failures="0" timestamp="01 Nov 2017 21:44:49 GMT" time="11.217" errors="0">
  <testcase name="addProject" time="3.301" classname="com.RestAssured.API.TestRailAPI"/>
  <testcase name="getAllProject" time="2.432" classname="com.RestAssured.API.TestRailAPI"/>
  <testcase name="addSuite" time="1.635" classname="com.RestAssured.API.TestRailAPI"/>
  <testcase name="deleteProject" time="1.514" classname="com.RestAssured.API.TestRailAPI"/>
  <testcase name="getUnknownProject" time="1.517" classname="com.RestAssured.API.TestRailAPI"/>
</testsuite> <!-- Default test -->
